25.835297 
25.839703 
25.854626 
25.836203 
25.841650 
25.840288 
25.842770 
25.815769 
25.833565 
25.840315 
25.706612 
25.835989 
26.320671 
25.192144 
26.459890 
25.384676 
27.141668 
23.027037 
26.015747 
24.526846 
25.814037 
25.999681 
25.918499 
25.872984 
25.642706 
26.120745 
26.032887 
25.579470 
25.452837 
25.703308 
25.812813 
25.999485 
25.984829 
25.751871 
25.828863 
25.845694 
26.000593 
25.819780 
25.645369 
25.748692 
25.817722 
25.819517 
25.884907 
25.822845 
25.806055 
25.858458 
25.859856 
25.822365 
25.823282 
25.865219 
